<?xml version="1.0" encoding="UTF-8"?>
<!-- Generated by org.testng.reporters.JUnitReportReporter -->
<testsuite hostname="LAPTOP-C80NUM97" failures="0" tests="1" name="tests.ThanksPageTests" time="16.676" errors="0" timestamp="2023-07-10T21:40:13 IDT" skipped="0">
  <testcase classname="tests.ThanksPageTests" name="TC34" time="16.676"/>
  <system-out/>
</testsuite> <!-- tests.ThanksPageTests -->
