<?xml version="1.0" encoding="UTF-8"?>
<!-- Generated by org.testng.reporters.JUnitReportReporter -->
<testsuite hostname="LAPTOP-C80NUM97" failures="0" tests="1" name="tests.CartPageTests" time="16.575" errors="0" timestamp="2023-07-10T16:28:12 IDT" skipped="0">
  <testcase classname="tests.CartPageTests" name="TC22" time="16.575"/>
  <system-out/>
</testsuite> <!-- tests.CartPageTests -->
