<?xml version="1.0" encoding="UTF-8"?>
<!-- Generated by org.testng.reporters.JUnitReportReporter -->
<testsuite hostname="LAPTOP-C80NUM97" failures="0" tests="6" name="tests.LogInPageTests" time="32.201" errors="0" timestamp="2023-07-10T16:15:41 IDT" skipped="0">
  <testcase classname="tests.LogInPageTests" name="TC07" time="4.977"/>
  <system-out/>
  <testcase classname="tests.LogInPageTests" name="TC07" time="4.810"/>
  <system-out/>
  <testcase classname="tests.LogInPageTests" name="TC07" time="7.357"/>
  <system-out/>
  <testcase classname="tests.LogInPageTests" name="TC07" time="4.944"/>
  <system-out/>
  <testcase classname="tests.LogInPageTests" name="TC07" time="5.158"/>
  <system-out/>
  <testcase classname="tests.LogInPageTests" name="TC07" time="4.955"/>
  <system-out/>
</testsuite> <!-- tests.LogInPageTests -->
