<?xml version="1.0" encoding="UTF-8"?>
<!-- Generated by org.testng.reporters.JUnitReportReporter -->
<testsuite hostname="LAPTOP-C80NUM97" failures="0" tests="7" name="tests.ProductPageTests" time="116.770" errors="0" timestamp="2023-07-11T19:49:45 IDT" skipped="0">
  <testcase classname="tests.ProductPageTests" name="TC19" time="24.362"/>
  <system-out/>
  <testcase classname="tests.ProductPageTests" name="TC16" time="12.789"/>
  <system-out/>
  <testcase classname="tests.ProductPageTests" name="TC18" time="16.314"/>
  <system-out/>
  <testcase classname="tests.ProductPageTests" name="TC17" time="13.998"/>
  <system-out/>
  <testcase classname="tests.ProductPageTests" name="TC20" time="36.151"/>
  <system-out/>
  <testcase classname="tests.ProductPageTests" name="myTest" time="3.390"/>
  <system-out/>
  <testcase classname="tests.ProductPageTests" name="TC15" time="9.766"/>
  <system-out/>
</testsuite> <!-- tests.ProductPageTests -->
