<?xml version="1.0" encoding="UTF-8"?>
<!-- Generated by org.testng.reporters.JUnitReportReporter -->
<testsuite hostname="LAPTOP-C80NUM97" failures="0" tests="36" name="tests.LogInPageTests" time="114.524" errors="0" timestamp="2023-11-21T15:38:17 IST" skipped="0">
  <testcase classname="tests.LogInPageTests" name="TC07" time="2.726"/>
  <system-out/>
  <testcase classname="tests.LogInPageTests" name="TC07" time="2.673"/>
  <system-out/>
  <testcase classname="tests.LogInPageTests" name="TC06" time="2.885"/>
  <system-out/>
  <testcase classname="tests.LogInPageTests" name="TC01" time="6.808"/>
  <system-out/>
  <testcase classname="tests.LogInPageTests" name="TC05" time="2.943"/>
  <system-out/>
  <testcase classname="tests.LogInPageTests" name="TC07" time="2.428"/>
  <system-out/>
  <testcase classname="tests.LogInPageTests" name="TC02" time="2.899"/>
  <system-out/>
  <testcase classname="tests.LogInPageTests" name="TC04" time="3.705"/>
  <system-out/>
  <testcase classname="tests.LogInPageTests" name="TC03" time="3.156"/>
  <system-out/>
  <testcase classname="tests.LogInPageTests" name="TC07" time="2.615"/>
  <system-out/>
  <testcase classname="tests.LogInPageTests" name="TC07" time="2.796"/>
  <system-out/>
  <testcase classname="tests.LogInPageTests" name="TC07" time="2.472"/>
  <system-out/>
  <testcase classname="tests.LogInPageTests" name="TC04" time="3.093"/>
  <system-out/>
  <testcase classname="tests.LogInPageTests" name="TC04" time="2.772"/>
  <system-out/>
  <testcase classname="tests.LogInPageTests" name="TC01" time="7.106"/>
  <system-out/>
  <testcase classname="tests.LogInPageTests" name="TC06" time="2.941"/>
  <system-out/>
  <testcase classname="tests.LogInPageTests" name="TC07" time="2.871"/>
  <system-out/>
  <testcase classname="tests.LogInPageTests" name="TC07" time="2.443"/>
  <system-out/>
  <testcase classname="tests.LogInPageTests" name="TC07" time="2.691"/>
  <system-out/>
  <testcase classname="tests.LogInPageTests" name="TC05" time="2.905"/>
  <system-out/>
  <testcase classname="tests.LogInPageTests" name="TC07" time="2.477"/>
  <system-out/>
  <testcase classname="tests.LogInPageTests" name="TC07" time="2.532"/>
  <system-out/>
  <testcase classname="tests.LogInPageTests" name="TC05" time="2.756"/>
  <system-out/>
  <testcase classname="tests.LogInPageTests" name="TC02" time="3.007"/>
  <system-out/>
  <testcase classname="tests.LogInPageTests" name="TC07" time="2.499"/>
  <system-out/>
  <testcase classname="tests.LogInPageTests" name="TC02" time="2.821"/>
  <system-out/>
  <testcase classname="tests.LogInPageTests" name="TC07" time="2.444"/>
  <system-out/>
  <testcase classname="tests.LogInPageTests" name="TC07" time="2.718"/>
  <system-out/>
  <testcase classname="tests.LogInPageTests" name="TC07" time="2.796"/>
  <system-out/>
  <testcase classname="tests.LogInPageTests" name="TC03" time="2.871"/>
  <system-out/>
  <testcase classname="tests.LogInPageTests" name="TC06" time="2.786"/>
  <system-out/>
  <testcase classname="tests.LogInPageTests" name="TC07" time="2.771"/>
  <system-out/>
  <testcase classname="tests.LogInPageTests" name="TC01" time="9.348"/>
  <system-out/>
  <testcase classname="tests.LogInPageTests" name="TC07" time="2.554"/>
  <system-out/>
  <testcase classname="tests.LogInPageTests" name="TC07" time="2.567"/>
  <system-out/>
  <testcase classname="tests.LogInPageTests" name="TC03" time="2.649"/>
  <system-out/>
</testsuite> <!-- tests.LogInPageTests -->
