<?xml version="1.0" encoding="UTF-8"?>
<!-- Generated by org.testng.reporters.JUnitReportReporter -->
<testsuite hostname="LAPTOP-C80NUM97" failures="0" tests="15" name="tests.MenuPageTests" time="109.669" errors="0" timestamp="2023-11-21T15:38:17 IST" skipped="0">
  <testcase classname="tests.MenuPageTests" name="TC40" time="5.711"/>
  <system-out/>
  <testcase classname="tests.MenuPageTests" name="TC39" time="7.592"/>
  <system-out/>
  <testcase classname="tests.MenuPageTests" name="TC38" time="21.657"/>
  <system-out/>
  <testcase classname="tests.MenuPageTests" name="TC40" time="5.570"/>
  <system-out/>
  <testcase classname="tests.MenuPageTests" name="TC36" time="4.168"/>
  <system-out/>
  <testcase classname="tests.MenuPageTests" name="TC38" time="17.711"/>
  <system-out/>
  <testcase classname="tests.MenuPageTests" name="TC37" time="1.244"/>
  <system-out/>
  <testcase classname="tests.MenuPageTests" name="TC38" time="14.908"/>
  <system-out/>
  <testcase classname="tests.MenuPageTests" name="TC37" time="0.892"/>
  <system-out/>
  <testcase classname="tests.MenuPageTests" name="TC36" time="4.384"/>
  <system-out/>
  <testcase classname="tests.MenuPageTests" name="TC37" time="1.293"/>
  <system-out/>
  <testcase classname="tests.MenuPageTests" name="TC40" time="6.262"/>
  <system-out/>
  <testcase classname="tests.MenuPageTests" name="TC39" time="6.746"/>
  <system-out/>
  <testcase classname="tests.MenuPageTests" name="TC39" time="6.445"/>
  <system-out/>
  <testcase classname="tests.MenuPageTests" name="TC36" time="5.086"/>
  <system-out/>
</testsuite> <!-- tests.MenuPageTests -->
