<?xml version="1.0" encoding="UTF-8"?>
<!-- Generated by org.testng.reporters.JUnitReportReporter -->
<testsuite hostname="LAPTOP-C80NUM97" failures="0" tests="18" name="tests.ProductPageTests" time="150.409" errors="0" timestamp="2023-11-21T15:38:17 IST" skipped="0">
  <testcase classname="tests.ProductPageTests" name="TC15" time="6.656"/>
  <system-out/>
  <testcase classname="tests.ProductPageTests" name="TC18" time="5.237"/>
  <system-out/>
  <testcase classname="tests.ProductPageTests" name="TC20" time="13.312"/>
  <system-out/>
  <testcase classname="tests.ProductPageTests" name="TC15" time="6.403"/>
  <system-out/>
  <testcase classname="tests.ProductPageTests" name="TC17" time="6.713"/>
  <system-out/>
  <testcase classname="tests.ProductPageTests" name="TC20" time="12.651"/>
  <system-out/>
  <testcase classname="tests.ProductPageTests" name="TC18" time="5.308"/>
  <system-out/>
  <testcase classname="tests.ProductPageTests" name="TC19" time="14.414"/>
  <system-out/>
  <testcase classname="tests.ProductPageTests" name="TC15" time="6.733"/>
  <system-out/>
  <testcase classname="tests.ProductPageTests" name="TC16" time="2.988"/>
  <system-out/>
  <testcase classname="tests.ProductPageTests" name="TC19" time="13.919"/>
  <system-out/>
  <testcase classname="tests.ProductPageTests" name="TC17" time="6.927"/>
  <system-out/>
  <testcase classname="tests.ProductPageTests" name="TC16" time="2.914"/>
  <system-out/>
  <testcase classname="tests.ProductPageTests" name="TC19" time="15.753"/>
  <system-out/>
  <testcase classname="tests.ProductPageTests" name="TC17" time="6.714"/>
  <system-out/>
  <testcase classname="tests.ProductPageTests" name="TC18" time="5.804"/>
  <system-out/>
  <testcase classname="tests.ProductPageTests" name="TC20" time="14.562"/>
  <system-out/>
  <testcase classname="tests.ProductPageTests" name="TC16" time="3.401"/>
  <system-out/>
</testsuite> <!-- tests.ProductPageTests -->
