<?xml version="1.0" encoding="UTF-8"?>
<!-- Generated by org.testng.reporters.JUnitReportReporter -->
<testsuite hostname="LAPTOP-C80NUM97" failures="0" tests="13" name="tests.LogInPageTests" time="71.141" errors="0" timestamp="2023-07-11T19:49:45 IDT" skipped="0">
  <testcase classname="tests.LogInPageTests" name="TC07" time="5.138"/>
  <system-out/>
  <testcase classname="tests.LogInPageTests" name="TC07" time="5.520"/>
  <system-out/>
  <testcase classname="tests.LogInPageTests" name="TC03" time="6.619"/>
  <system-out/>
  <testcase classname="tests.LogInPageTests" name="myTest" time="3.002"/>
  <system-out/>
  <testcase classname="tests.LogInPageTests" name="TC01" time="6.804"/>
  <system-out/>
  <testcase classname="tests.LogInPageTests" name="TC02" time="5.710"/>
  <system-out/>
  <testcase classname="tests.LogInPageTests" name="TC07" time="5.595"/>
  <system-out/>
  <testcase classname="tests.LogInPageTests" name="TC04" time="5.750"/>
  <system-out/>
  <testcase classname="tests.LogInPageTests" name="TC07" time="5.437"/>
  <system-out/>
  <testcase classname="tests.LogInPageTests" name="TC07" time="5.047"/>
  <system-out/>
  <testcase classname="tests.LogInPageTests" name="TC06" time="5.658"/>
  <system-out/>
  <testcase classname="tests.LogInPageTests" name="TC07" time="5.304"/>
  <system-out/>
  <testcase classname="tests.LogInPageTests" name="TC05" time="5.557"/>
  <system-out/>
</testsuite> <!-- tests.LogInPageTests -->
