<?xml version="1.0" encoding="UTF-8"?>
<!-- Generated by org.testng.reporters.JUnitReportReporter -->
<testsuite hostname="LAPTOP-C80NUM97" failures="0" tests="9" name="tests.ThanksPageTests" time="92.375" errors="0" timestamp="2023-11-21T15:38:17 IST" skipped="0">
  <testcase classname="tests.ThanksPageTests" name="TC34" time="0.968"/>
  <system-out/>
  <testcase classname="tests.ThanksPageTests" name="TC34" time="1.302"/>
  <system-out/>
  <testcase classname="tests.ThanksPageTests" name="TC35" time="17.297"/>
  <system-out/>
  <testcase classname="tests.ThanksPageTests" name="TC35" time="19.756"/>
  <system-out/>
  <testcase classname="tests.ThanksPageTests" name="TC35" time="16.861"/>
  <system-out/>
  <testcase classname="tests.ThanksPageTests" name="TC33" time="14.341"/>
  <system-out/>
  <testcase classname="tests.ThanksPageTests" name="TC33" time="10.636"/>
  <system-out/>
  <testcase classname="tests.ThanksPageTests" name="TC33" time="10.329"/>
  <system-out/>
  <testcase classname="tests.ThanksPageTests" name="TC34" time="0.885"/>
  <system-out/>
</testsuite> <!-- tests.ThanksPageTests -->
