<?xml version="1.0" encoding="UTF-8"?>
<!-- Generated by org.testng.reporters.JUnitReportReporter -->
<testsuite hostname="LAPTOP-C80NUM97" failures="0" tests="15" name="tests.CartPageTests" time="115.417" errors="0" timestamp="2023-11-21T15:38:17 IST" skipped="0">
  <testcase classname="tests.CartPageTests" name="TC24" time="7.833"/>
  <system-out/>
  <testcase classname="tests.CartPageTests" name="TC23" time="10.517"/>
  <system-out/>
  <testcase classname="tests.CartPageTests" name="TC24" time="8.151"/>
  <system-out/>
  <testcase classname="tests.CartPageTests" name="TC25" time="0.921"/>
  <system-out/>
  <testcase classname="tests.CartPageTests" name="TC23" time="11.928"/>
  <system-out/>
  <testcase classname="tests.CartPageTests" name="TC25" time="1.097"/>
  <system-out/>
  <testcase classname="tests.CartPageTests" name="TC21" time="8.350"/>
  <system-out/>
  <testcase classname="tests.CartPageTests" name="TC22" time="10.002"/>
  <system-out/>
  <testcase classname="tests.CartPageTests" name="TC21" time="8.557"/>
  <system-out/>
  <testcase classname="tests.CartPageTests" name="TC25" time="0.906"/>
  <system-out/>
  <testcase classname="tests.CartPageTests" name="TC23" time="10.245"/>
  <system-out/>
  <testcase classname="tests.CartPageTests" name="TC21" time="8.642"/>
  <system-out/>
  <testcase classname="tests.CartPageTests" name="TC22" time="9.802"/>
  <system-out/>
  <testcase classname="tests.CartPageTests" name="TC24" time="8.500"/>
  <system-out/>
  <testcase classname="tests.CartPageTests" name="TC22" time="9.966"/>
  <system-out/>
</testsuite> <!-- tests.CartPageTests -->
