<?xml version="1.0" encoding="UTF-8"?>
<!-- Generated by org.testng.reporters.JUnitReportReporter -->
<testsuite hostname="LAPTOP-C80NUM97" failures="0" tests="3" name="tests.OverviewPageTests" time="34.333" errors="0" timestamp="2023-07-11T19:49:45 IDT" skipped="0">
  <testcase classname="tests.OverviewPageTests" name="TC32" time="14.603"/>
  <system-out/>
  <testcase classname="tests.OverviewPageTests" name="myTest" time="3.833"/>
  <system-out/>
  <testcase classname="tests.OverviewPageTests" name="TC31" time="15.897"/>
  <system-out/>
</testsuite> <!-- tests.OverviewPageTests -->
