<?xml version="1.0" encoding="UTF-8"?>
<!-- Generated by org.testng.reporters.JUnitReportReporter -->
<testsuite hostname="LAPTOP-C80NUM97" failures="0" tests="6" name="tests.CheckoutPageTests" time="78.406" errors="0" timestamp="2023-07-11T19:49:45 IDT" skipped="0">
  <testcase classname="tests.CheckoutPageTests" name="TC27" time="13.824"/>
  <system-out/>
  <testcase classname="tests.CheckoutPageTests" name="TC28" time="14.750"/>
  <system-out/>
  <testcase classname="tests.CheckoutPageTests" name="TC26" time="15.687"/>
  <system-out/>
  <testcase classname="tests.CheckoutPageTests" name="myTest" time="3.426"/>
  <system-out/>
  <testcase classname="tests.CheckoutPageTests" name="TC30" time="13.123"/>
  <system-out/>
  <testcase classname="tests.CheckoutPageTests" name="TC29" time="17.596"/>
  <system-out/>
</testsuite> <!-- tests.CheckoutPageTests -->
