<?xml version="1.0" encoding="UTF-8"?>
<!-- Generated by org.testng.reporters.JUnitReportReporter -->
<testsuite hostname="LAPTOP-C80NUM97" failures="0" tests="15" name="tests.CheckoutPageTests" time="113.262" errors="0" timestamp="2023-11-21T15:38:17 IST" skipped="0">
  <testcase classname="tests.CheckoutPageTests" name="TC26" time="12.747"/>
  <system-out/>
  <testcase classname="tests.CheckoutPageTests" name="TC26" time="10.364"/>
  <system-out/>
  <testcase classname="tests.CheckoutPageTests" name="TC30" time="5.615"/>
  <system-out/>
  <testcase classname="tests.CheckoutPageTests" name="TC30" time="5.479"/>
  <system-out/>
  <testcase classname="tests.CheckoutPageTests" name="TC29" time="6.236"/>
  <system-out/>
  <testcase classname="tests.CheckoutPageTests" name="TC29" time="7.380"/>
  <system-out/>
  <testcase classname="tests.CheckoutPageTests" name="TC27" time="6.289"/>
  <system-out/>
  <testcase classname="tests.CheckoutPageTests" name="TC28" time="6.148"/>
  <system-out/>
  <testcase classname="tests.CheckoutPageTests" name="TC27" time="9.013"/>
  <system-out/>
  <testcase classname="tests.CheckoutPageTests" name="TC29" time="6.340"/>
  <system-out/>
  <testcase classname="tests.CheckoutPageTests" name="TC28" time="7.538"/>
  <system-out/>
  <testcase classname="tests.CheckoutPageTests" name="TC26" time="10.658"/>
  <system-out/>
  <testcase classname="tests.CheckoutPageTests" name="TC30" time="6.077"/>
  <system-out/>
  <testcase classname="tests.CheckoutPageTests" name="TC28" time="6.382"/>
  <system-out/>
  <testcase classname="tests.CheckoutPageTests" name="TC27" time="6.996"/>
  <system-out/>
</testsuite> <!-- tests.CheckoutPageTests -->
