<?xml version="1.0" encoding="UTF-8"?>
<!-- Generated by org.testng.reporters.JUnitReportReporter -->
<testsuite hostname="LAPTOP-C80NUM97" failures="0" tests="6" name="tests.MenuPageTests" time="52.906" errors="0" timestamp="2023-07-11T19:49:45 IDT" skipped="0">
  <testcase classname="tests.MenuPageTests" name="myTest" time="3.362"/>
  <system-out/>
  <testcase classname="tests.MenuPageTests" name="TC38" time="14.039"/>
  <system-out/>
  <testcase classname="tests.MenuPageTests" name="TC36" time="8.603"/>
  <system-out/>
  <testcase classname="tests.MenuPageTests" name="TC37" time="9.162"/>
  <system-out/>
  <testcase classname="tests.MenuPageTests" name="TC39" time="8.836"/>
  <system-out/>
  <testcase classname="tests.MenuPageTests" name="TC40" time="8.904"/>
  <system-out/>
</testsuite> <!-- tests.MenuPageTests -->
