<?xml version="1.0" encoding="UTF-8"?>
<!-- Generated by org.testng.reporters.JUnitReportReporter -->
<testsuite hostname="LAPTOP-C80NUM97" failures="0" tests="1" name="tests.BaseTest" time="7.408" errors="0" timestamp="2023-07-11T19:49:45 IDT" skipped="0">
  <testcase classname="tests.BaseTest" name="myTest" time="7.408"/>
  <system-out/>
</testsuite> <!-- tests.BaseTest -->
