<?xml version="1.0" encoding="UTF-8"?>
<!-- Generated by org.testng.reporters.JUnitReportReporter -->
<testsuite hostname="LAPTOP-C80NUM97" failures="0" tests="6" name="tests.OverviewPageTests" time="75.409" errors="0" timestamp="2023-11-21T15:38:17 IST" skipped="0">
  <testcase classname="tests.OverviewPageTests" name="TC31" time="11.357"/>
  <system-out/>
  <testcase classname="tests.OverviewPageTests" name="TC31" time="11.152"/>
  <system-out/>
  <testcase classname="tests.OverviewPageTests" name="TC32" time="17.702"/>
  <system-out/>
  <testcase classname="tests.OverviewPageTests" name="TC31" time="14.660"/>
  <system-out/>
  <testcase classname="tests.OverviewPageTests" name="TC32" time="10.655"/>
  <system-out/>
  <testcase classname="tests.OverviewPageTests" name="TC32" time="9.883"/>
  <system-out/>
</testsuite> <!-- tests.OverviewPageTests -->
