<?xml version="1.0" encoding="UTF-8"?>
<!-- Generated by org.testng.reporters.JUnitReportReporter -->
<testsuite hostname="LAPTOP-C80NUM97" failures="0" tests="8" name="tests.ProductsPageTest" time="93.587" errors="0" timestamp="2023-07-11T19:49:45 IDT" skipped="0">
  <testcase classname="tests.ProductsPageTest" name="TC14" time="21.958"/>
  <system-out/>
  <testcase classname="tests.ProductsPageTest" name="TC10" time="12.608"/>
  <system-out/>
  <testcase classname="tests.ProductsPageTest" name="myTest" time="3.299"/>
  <system-out/>
  <testcase classname="tests.ProductsPageTest" name="TC12" time="11.792"/>
  <system-out/>
  <testcase classname="tests.ProductsPageTest" name="TC11" time="11.696"/>
  <system-out/>
  <testcase classname="tests.ProductsPageTest" name="TC08" time="6.709"/>
  <system-out/>
  <testcase classname="tests.ProductsPageTest" name="TC09" time="10.294"/>
  <system-out/>
  <testcase classname="tests.ProductsPageTest" name="TC13" time="15.231"/>
  <system-out/>
</testsuite> <!-- tests.ProductsPageTest -->
