<?xml version="1.0" encoding="UTF-8"?>
<!-- Generated by org.testng.reporters.JUnitReportReporter -->
<testsuite hostname="LAPTOP-C80NUM97" failures="0" tests="21" name="tests.ProductsPageTest" time="78.912" errors="0" timestamp="2023-11-21T15:38:17 IST" skipped="0">
  <testcase classname="tests.ProductsPageTest" name="TC09" time="4.519"/>
  <system-out/>
  <testcase classname="tests.ProductsPageTest" name="TC13" time="2.932"/>
  <system-out/>
  <testcase classname="tests.ProductsPageTest" name="TC08" time="3.266"/>
  <system-out/>
  <testcase classname="tests.ProductsPageTest" name="TC11" time="5.474"/>
  <system-out/>
  <testcase classname="tests.ProductsPageTest" name="TC14" time="1.115"/>
  <system-out/>
  <testcase classname="tests.ProductsPageTest" name="TC12" time="2.453"/>
  <system-out/>
  <testcase classname="tests.ProductsPageTest" name="TC09" time="4.355"/>
  <system-out/>
  <testcase classname="tests.ProductsPageTest" name="TC13" time="3.176"/>
  <system-out/>
  <testcase classname="tests.ProductsPageTest" name="TC10" time="6.439"/>
  <system-out/>
  <testcase classname="tests.ProductsPageTest" name="TC08" time="3.125"/>
  <system-out/>
  <testcase classname="tests.ProductsPageTest" name="TC10" time="6.377"/>
  <system-out/>
  <testcase classname="tests.ProductsPageTest" name="TC14" time="1.099"/>
  <system-out/>
  <testcase classname="tests.ProductsPageTest" name="TC10" time="6.702"/>
  <system-out/>
  <testcase classname="tests.ProductsPageTest" name="TC08" time="2.748"/>
  <system-out/>
  <testcase classname="tests.ProductsPageTest" name="TC11" time="5.462"/>
  <system-out/>
  <testcase classname="tests.ProductsPageTest" name="TC14" time="1.125"/>
  <system-out/>
  <testcase classname="tests.ProductsPageTest" name="TC12" time="2.148"/>
  <system-out/>
  <testcase classname="tests.ProductsPageTest" name="TC12" time="2.267"/>
  <system-out/>
  <testcase classname="tests.ProductsPageTest" name="TC09" time="4.245"/>
  <system-out/>
  <testcase classname="tests.ProductsPageTest" name="TC13" time="3.284"/>
  <system-out/>
  <testcase classname="tests.ProductsPageTest" name="TC11" time="6.601"/>
  <system-out/>
</testsuite> <!-- tests.ProductsPageTest -->
