<?xml version="1.0" encoding="UTF-8"?>
<!-- Generated by org.testng.reporters.JUnitReportReporter -->
<testsuite hostname="LAPTOP-C80NUM97" failures="0" tests="6" name="tests.CartPageTests" time="77.314" errors="0" timestamp="2023-07-11T19:49:45 IDT" skipped="0">
  <testcase classname="tests.CartPageTests" name="TC25" time="13.348"/>
  <system-out/>
  <testcase classname="tests.CartPageTests" name="TC22" time="16.164"/>
  <system-out/>
  <testcase classname="tests.CartPageTests" name="TC23" time="16.485"/>
  <system-out/>
  <testcase classname="tests.CartPageTests" name="TC24" time="15.812"/>
  <system-out/>
  <testcase classname="tests.CartPageTests" name="TC21" time="12.106"/>
  <system-out/>
  <testcase classname="tests.CartPageTests" name="myTest" time="3.399"/>
  <system-out/>
</testsuite> <!-- tests.CartPageTests -->
