<?xml version="1.0" encoding="UTF-8"?>
<!-- Generated by org.testng.reporters.JUnitReportReporter -->
<testsuite hostname="LAPTOP-C80NUM97" failures="0" tests="4" name="tests.ThanksPageTests" time="64.933" errors="0" timestamp="2023-07-11T19:49:45 IDT" skipped="0">
  <testcase classname="tests.ThanksPageTests" name="TC33" time="16.349"/>
  <system-out/>
  <testcase classname="tests.ThanksPageTests" name="TC34" time="17.285"/>
  <system-out/>
  <testcase classname="tests.ThanksPageTests" name="myTest" time="7.492"/>
  <system-out/>
  <testcase classname="tests.ThanksPageTests" name="TC35" time="23.807"/>
  <system-out/>
</testsuite> <!-- tests.ThanksPageTests -->
